Perturbation p = 0.00000: Test avg accuracy = 0.66422 +- 0.00000, f1_acc = 0.71000 +- 0.00000,  avg loss: 2.00613
Perturbation p = 0.05000: Test avg accuracy = 0.68483 +- 0.01667, f1_acc = 0.74397 +- 0.02020,  avg loss: 0.72392
Perturbation p = 0.10000: Test avg accuracy = 0.65689 +- 0.09157, f1_acc = 0.70389 +- 0.14191,  avg loss: 0.67895
Perturbation p = 0.15000: Test avg accuracy = 0.63047 +- 0.12085, f1_acc = 0.66478 +- 0.19149,  avg loss: 0.68458
Perturbation p = 0.20000: Test avg accuracy = 0.62502 +- 0.13178, f1_acc = 0.65430 +- 0.20933,  avg loss: 0.68455
Perturbation p = 0.25000: Test avg accuracy = 0.62103 +- 0.13439, f1_acc = 0.64894 +- 0.21316,  avg loss: 0.68464
Perturbation p = 0.30000: Test avg accuracy = 0.60686 +- 0.14469, f1_acc = 0.62758 +- 0.22989,  avg loss: 0.68568
Perturbation p = 0.35000: Test avg accuracy = 0.63297 +- 0.11873, f1_acc = 0.67083 +- 0.18533,  avg loss: 0.68424
Perturbation p = 0.40000: Test avg accuracy = 0.61385 +- 0.13820, f1_acc = 0.63931 +- 0.21959,  avg loss: 0.68610
Perturbation p = 0.45000: Test avg accuracy = 0.64228 +- 0.11443, f1_acc = 0.68277 +- 0.18215,  avg loss: 0.68517

EVAL_______________________________________
{
  "aggregated": 0.7691581219643822,
  "mrpc": {
    "loss": 0.682438103052286,
    "metrics": {
      "f1_acc": 0.7691581219643822,
      "minor": {
        "acc": 0.7156862745098039,
        "f1": 0.8226299694189604,
        "acc_and_f1": 0.7691581219643822
      }
    }
  }
}
