Perturbation p = 0.00000: Test avg accuracy = 0.66176 +- 0.00000, f1_acc = 0.70854 +- 0.00000,  avg loss: 1.65118
Perturbation p = 0.05000: Test avg accuracy = 0.70282 +- 0.01824, f1_acc = 0.75693 +- 0.02033,  avg loss: 0.63320
Perturbation p = 0.10000: Test avg accuracy = 0.68804 +- 0.03561, f1_acc = 0.74319 +- 0.04670,  avg loss: 0.65864
Perturbation p = 0.15000: Test avg accuracy = 0.66566 +- 0.07301, f1_acc = 0.71536 +- 0.10372,  avg loss: 0.66825
Perturbation p = 0.20000: Test avg accuracy = 0.65218 +- 0.09699, f1_acc = 0.69499 +- 0.14960,  avg loss: 0.67504
Perturbation p = 0.25000: Test avg accuracy = 0.63650 +- 0.11764, f1_acc = 0.67117 +- 0.18330,  avg loss: 0.67990
Perturbation p = 0.30000: Test avg accuracy = 0.55294 +- 0.16675, f1_acc = 0.54117 +- 0.26294,  avg loss: 0.68886
Perturbation p = 0.35000: Test avg accuracy = 0.49804 +- 0.17673, f1_acc = 0.45399 +- 0.28005,  avg loss: 0.69260
Perturbation p = 0.40000: Test avg accuracy = 0.53061 +- 0.17876, f1_acc = 0.50324 +- 0.28423,  avg loss: 0.69295
Perturbation p = 0.45000: Test avg accuracy = 0.48645 +- 0.18006, f1_acc = 0.43326 +- 0.28859,  avg loss: 0.69492


EVAL_______________________________________
{
  "aggregated": 0.7757836442619537,
  "mrpc": {
    "loss": 0.6204063204618601,
    "metrics": {
      "f1_acc": 0.7757836442619537,
      "minor": {
        "acc": 0.7230392156862745,
        "f1": 0.8285280728376329,
        "acc_and_f1": 0.7757836442619537
      }
    }
  }
}
